# JRE version: Java(TM) SE Runtime Environment (8.0_191-b12) (build 1.8.0_191-b12)
# Java VM: Java HotSpot(TM) Client VM (25.191-b12 mixed mode windows-x86 )
Heap:
 def new generation   total 125312K, used 25674K [0x04600000, 0x0cdf0000, 0x0f0a0000)
  eden space 111424K,  23% used [0x04600000, 0x05f12b88, 0x0b2d0000)
  from space 13888K,   0% used [0x0b2d0000, 0x0b2d0000, 0x0c060000)
  to   space 13888K,   0% used [0x0c060000, 0x0c060000, 0x0cdf0000)
 tenured generation   total 278152K, used 166890K [0x0f0a0000, 0x20042000, 0x24600000)
   the space 278152K,  59% used [0x0f0a0000, 0x1939aaa0, 0x1939ac00, 0x20042000)
 Metaspace       used 23029K, capacity 23586K, committed 23680K, reserved 23936K
GC Heap History (10 events):
Event: 176390.088 GC heap before
{Heap before GC invocations=54 (full 3):
 def new generation   total 82432K, used 76614K [0x04600000, 0x09f70000, 0x0f0a0000)
  eden space 73280K, 100% used [0x04600000, 0x08d90000, 0x08d90000)
  from space 9152K,  36% used [0x08d90000, 0x090d18a0, 0x09680000)
  to   space 9152K,   0% used [0x09680000, 0x09680000, 0x09f70000)
 tenured generation   total 183004K, used 155667K [0x0f0a0000, 0x1a357000, 0x24600000)
   the space 183004K,  85% used [0x0f0a0000, 0x188a4c60, 0x188a4e00, 0x1a357000)
 Metaspace       used 23037K, capacity 23596K, committed 23680K, reserved 23936K
Event: 176390.151 GC heap after
Heap after GC invocations=55 (full 3):
 def new generation   total 82432K, used 4100K [0x04600000, 0x09f70000, 0x0f0a0000)
  eden space 73280K,   0% used [0x04600000, 0x04600000, 0x08d90000)
  from space 9152K,  44% used [0x09680000, 0x09a81010, 0x09f70000)
  to   space 9152K,   0% used [0x08d90000, 0x08d90000, 0x09680000)
 tenured generation   total 183004K, used 155667K [0x0f0a0000, 0x1a357000, 0x24600000)
   the space 183004K,  85% used [0x0f0a0000, 0x188a4c60, 0x188a4e00, 0x1a357000)
 Metaspace       used 23037K, capacity 23596K, committed 23680K, reserved 23936K
}
Event: 176934.907 GC heap before
{Heap before GC invocations=55 (full 3):
 def new generation   total 82432K, used 77099K [0x04600000, 0x09f70000, 0x0f0a0000)
  eden space 73280K,  99% used [0x04600000, 0x08d49f80, 0x08d90000)
  from space 9152K,  44% used [0x09680000, 0x09a81010, 0x09f70000)
  to   space 9152K,   0% used [0x08d90000, 0x08d90000, 0x09680000)
 tenured generation   total 183004K, used 155667K [0x0f0a0000, 0x1a357000, 0x24600000)
   the space 183004K,  85% used [0x0f0a0000, 0x188a4c60, 0x188a4e00, 0x1a357000)
 Metaspace       used 23037K, capacity 23596K, committed 23680K, reserved 23936K
Event: 176934.930 GC heap after
Heap after GC invocations=56 (full 3):
 def new generation   total 82432K, used 7234K [0x04600000, 0x09f70000, 0x0f0a0000)
  eden space 73280K,   0% used [0x04600000, 0x04600000, 0x08d90000)
  from space 9152K,  79% used [0x08d90000, 0x094a0b10, 0x09680000)
  to   space 9152K,   0% used [0x09680000, 0x09680000, 0x09f70000)
 tenured generation   total 183004K, used 155667K [0x0f0a0000, 0x1a357000, 0x24600000)
   the space 183004K,  85% used [0x0f0a0000, 0x188a4c60, 0x188a4e00, 0x1a357000)
 Metaspace       used 23037K, capacity 23596K, committed 23680K, reserved 23936K
}
Event: 176935.643 GC heap before
{Heap before GC invocations=56 (full 3):
 def new generation   total 82432K, used 76285K [0x04600000, 0x09f70000, 0x0f0a0000)
  eden space 73280K,  94% used [0x04600000, 0x0896ebf0, 0x08d90000)
  from space 9152K,  79% used [0x08d90000, 0x094a0b10, 0x09680000)
  to   space 9152K,   0% used [0x09680000, 0x09680000, 0x09f70000)
 tenured generation   total 183004K, used 155667K [0x0f0a0000, 0x1a357000, 0x24600000)
   the space 183004K,  85% used [0x0f0a0000, 0x188a4c60, 0x188a4e00, 0x1a357000)
 Metaspace       used 23037K, capacity 23596K, committed 23680K, reserved 23936K
Event: 176935.702 GC heap after
Heap after GC invocations=57 (full 3):
 def new generation   total 82432K, used 7912K [0x04600000, 0x09f70000, 0x0f0a0000)
  eden space 73280K,   0% used [0x04600000, 0x04600000, 0x08d90000)
  from space 9152K,  86% used [0x09680000, 0x09e3a018, 0x09f70000)
  to   space 9152K,   0% used [0x08d90000, 0x08d90000, 0x09680000)
 tenured generation   total 183004K, used 162130K [0x0f0a0000, 0x1a357000, 0x24600000)
   the space 183004K,  88% used [0x0f0a0000, 0x18ef4978, 0x18ef4a00, 0x1a357000)
 Metaspace       used 23037K, capacity 23596K, committed 23680K, reserved 23936K
}
Event: 176936.527 GC heap before
{Heap before GC invocations=57 (full 3):
 def new generation   total 82432K, used 79113K [0x04600000, 0x09f70000, 0x0f0a0000)
  eden space 73280K,  97% used [0x04600000, 0x08b884e0, 0x08d90000)
  from space 9152K,  86% used [0x09680000, 0x09e3a018, 0x09f70000)
  to   space 9152K,   0% used [0x08d90000, 0x08d90000, 0x09680000)
 tenured generation   total 183004K, used 162130K [0x0f0a0000, 0x1a357000, 0x24600000)
   the space 183004K,  88% used [0x0f0a0000, 0x18ef4978, 0x18ef4a00, 0x1a357000)
 Metaspace       used 23037K, capacity 23596K, committed 23680K, reserved 23936K
Event: 176936.590 GC heap after
Heap after GC invocations=58 (full 3):
 def new generation   total 82432K, used 8261K [0x04600000, 0x09f70000, 0x0f0a0000)
  eden space 73280K,   0% used [0x04600000, 0x04600000, 0x08d90000)
  from space 9152K,  90% used [0x08d90000, 0x095a1748, 0x09680000)
  to   space 9152K,   0% used [0x09680000, 0x09680000, 0x09f70000)
 tenured generation   total 183004K, used 172221K [0x0f0a0000, 0x1a357000, 0x24600000)
   the space 183004K,  94% used [0x0f0a0000, 0x198cf7b8, 0x198cf800, 0x1a357000)
 Metaspace       used 23037K, capacity 23596K, committed 23680K, reserved 23936K
}
Event: 176937.297 GC heap before
{Heap before GC invocations=58 (full 3):
 def new generation   total 82432K, used 76724K [0x04600000, 0x09f70000, 0x0f0a0000)
  eden space 73280K,  93% used [0x04600000, 0x088db9d8, 0x08d90000)
  from space 9152K,  90% used [0x08d90000, 0x095a1748, 0x09680000)
  to   space 9152K,   0% used [0x09680000, 0x09680000, 0x09f70000)
 tenured generation   total 183004K, used 172221K [0x0f0a0000, 0x1a357000, 0x24600000)
   the space 183004K,  94% used [0x0f0a0000, 0x198cf7b8, 0x198cf800, 0x1a357000)
 Metaspace       used 23037K, capacity 23596K, committed 23680K, reserved 23936K
Event: 176938.294 GC heap after
Heap after GC invocations=59 (full 4):
 def new generation   total 125312K, used 0K [0x04600000, 0x0cdf0000, 0x0f0a0000)
  eden space 111424K,   0% used [0x04600000, 0x04600000, 0x0b2d0000)
  from space 13888K,   0% used [0x0b2d0000, 0x0b2d0000, 0x0c060000)
  to   space 13888K,   0% used [0x0c060000, 0x0c060000, 0x0cdf0000)
 tenured generation   total 278152K, used 166890K [0x0f0a0000, 0x20042000, 0x24600000)
   the space 278152K,  59% used [0x0f0a0000, 0x1939aaa0, 0x1939ac00, 0x20042000)
 Metaspace       used 23029K, capacity 23586K, committed 23680K, reserved 23936K
}

