# JRE version: Java(TM) SE Runtime Environment (8.0_191-b12) (build 1.8.0_191-b12)
# Java VM: Java HotSpot(TM) Client VM (25.191-b12 mixed mode windows-x86 )
Heap:
 def new generation   total 137472K, used 23700K [0x05000000, 0x0e520000, 0x0faa0000)
  eden space 122240K,  19% used [0x05000000, 0x06725270, 0x0c760000)
  from space 15232K,   0% used [0x0c760000, 0x0c760000, 0x0d640000)
  to   space 15232K,   0% used [0x0d640000, 0x0d640000, 0x0e520000)
 tenured generation   total 305284K, used 183168K [0x0faa0000, 0x224c1000, 0x25000000)
   the space 305284K,  59% used [0x0faa0000, 0x1ad80138, 0x1ad80200, 0x224c1000)
 Metaspace       used 22311K, capacity 22852K, committed 23040K, reserved 23936K
GC Heap History (10 events):
Event: 138797.439 GC heap before
{Heap before GC invocations=146 (full 4):
 def new generation   total 111296K, used 101328K [0x05000000, 0x0c8c0000, 0x0faa0000)
  eden space 98944K,  98% used [0x05000000, 0x0af59a38, 0x0b0a0000)
  from space 12352K,  29% used [0x0b0a0000, 0x0b43a6d0, 0x0bcb0000)
  to   space 12352K,   0% used [0x0bcb0000, 0x0bcb0000, 0x0c8c0000)
 tenured generation   total 247184K, used 174930K [0x0faa0000, 0x1ec04000, 0x25000000)
   the space 247184K,  70% used [0x0faa0000, 0x1a574908, 0x1a574a00, 0x1ec04000)
 Metaspace       used 22313K, capacity 22854K, committed 23040K, reserved 23936K
Event: 138797.473 GC heap after
Heap after GC invocations=147 (full 4):
 def new generation   total 111296K, used 9304K [0x05000000, 0x0c8c0000, 0x0faa0000)
  eden space 98944K,   0% used [0x05000000, 0x05000000, 0x0b0a0000)
  from space 12352K,  75% used [0x0bcb0000, 0x0c5c6148, 0x0c8c0000)
  to   space 12352K,   0% used [0x0b0a0000, 0x0b0a0000, 0x0bcb0000)
 tenured generation   total 247184K, used 174930K [0x0faa0000, 0x1ec04000, 0x25000000)
   the space 247184K,  70% used [0x0faa0000, 0x1a574908, 0x1a574a00, 0x1ec04000)
 Metaspace       used 22313K, capacity 22854K, committed 23040K, reserved 23936K
}
Event: 138798.398 GC heap before
{Heap before GC invocations=147 (full 4):
 def new generation   total 111296K, used 106898K [0x05000000, 0x0c8c0000, 0x0faa0000)
  eden space 98944K,  98% used [0x05000000, 0x0af4e6d8, 0x0b0a0000)
  from space 12352K,  75% used [0x0bcb0000, 0x0c5c6148, 0x0c8c0000)
  to   space 12352K,   0% used [0x0b0a0000, 0x0b0a0000, 0x0bcb0000)
 tenured generation   total 247184K, used 174930K [0x0faa0000, 0x1ec04000, 0x25000000)
   the space 247184K,  70% used [0x0faa0000, 0x1a574908, 0x1a574a00, 0x1ec04000)
 Metaspace       used 22313K, capacity 22854K, committed 23040K, reserved 23936K
Event: 138798.455 GC heap after
Heap after GC invocations=148 (full 4):
 def new generation   total 111296K, used 11197K [0x05000000, 0x0c8c0000, 0x0faa0000)
  eden space 98944K,   0% used [0x05000000, 0x05000000, 0x0b0a0000)
  from space 12352K,  90% used [0x0b0a0000, 0x0bb8f6c8, 0x0bcb0000)
  to   space 12352K,   0% used [0x0bcb0000, 0x0bcb0000, 0x0c8c0000)
 tenured generation   total 247184K, used 191188K [0x0faa0000, 0x1ec04000, 0x25000000)
   the space 247184K,  77% used [0x0faa0000, 0x1b5550b0, 0x1b555200, 0x1ec04000)
 Metaspace       used 22313K, capacity 22854K, committed 23040K, reserved 23936K
}
Event: 138799.626 GC heap before
{Heap before GC invocations=148 (full 4):
 def new generation   total 111296K, used 106485K [0x05000000, 0x0c8c0000, 0x0faa0000)
  eden space 98944K,  96% used [0x05000000, 0x0ad0de50, 0x0b0a0000)
  from space 12352K,  90% used [0x0b0a0000, 0x0bb8f6c8, 0x0bcb0000)
  to   space 12352K,   0% used [0x0bcb0000, 0x0bcb0000, 0x0c8c0000)
 tenured generation   total 247184K, used 191188K [0x0faa0000, 0x1ec04000, 0x25000000)
   the space 247184K,  77% used [0x0faa0000, 0x1b5550b0, 0x1b555200, 0x1ec04000)
 Metaspace       used 22313K, capacity 22854K, committed 23040K, reserved 23936K
Event: 138799.659 GC heap after
Heap after GC invocations=149 (full 4):
 def new generation   total 111296K, used 11707K [0x05000000, 0x0c8c0000, 0x0faa0000)
  eden space 98944K,   0% used [0x05000000, 0x05000000, 0x0b0a0000)
  from space 12352K,  94% used [0x0bcb0000, 0x0c81eee0, 0x0c8c0000)
  to   space 12352K,   0% used [0x0b0a0000, 0x0b0a0000, 0x0bcb0000)
 tenured generation   total 247184K, used 212389K [0x0faa0000, 0x1ec04000, 0x25000000)
   the space 247184K,  85% used [0x0faa0000, 0x1ca096f8, 0x1ca09800, 0x1ec04000)
 Metaspace       used 22313K, capacity 22854K, committed 23040K, reserved 23936K
}
Event: 138800.580 GC heap before
{Heap before GC invocations=149 (full 4):
 def new generation   total 111296K, used 109161K [0x05000000, 0x0c8c0000, 0x0faa0000)
  eden space 98944K,  98% used [0x05000000, 0x0af2b700, 0x0b0a0000)
  from space 12352K,  94% used [0x0bcb0000, 0x0c81eee0, 0x0c8c0000)
  to   space 12352K,   0% used [0x0b0a0000, 0x0b0a0000, 0x0bcb0000)
 tenured generation   total 247184K, used 212389K [0x0faa0000, 0x1ec04000, 0x25000000)
   the space 247184K,  85% used [0x0faa0000, 0x1ca096f8, 0x1ca09800, 0x1ec04000)
 Metaspace       used 22313K, capacity 22854K, committed 23040K, reserved 23936K
Event: 138800.602 GC heap after
Heap after GC invocations=150 (full 4):
 def new generation   total 111296K, used 11369K [0x05000000, 0x0c8c0000, 0x0faa0000)
  eden space 98944K,   0% used [0x05000000, 0x05000000, 0x0b0a0000)
  from space 12352K,  92% used [0x0b0a0000, 0x0bbba5b0, 0x0bcb0000)
  to   space 12352K,   0% used [0x0bcb0000, 0x0bcb0000, 0x0c8c0000)
 tenured generation   total 247184K, used 242789K [0x0faa0000, 0x1ec04000, 0x25000000)
   the space 247184K,  98% used [0x0faa0000, 0x1e7b95f8, 0x1e7b9600, 0x1ec04000)
 Metaspace       used 22313K, capacity 22854K, committed 23040K, reserved 23936K
}
Event: 138801.719 GC heap before
{Heap before GC invocations=150 (full 4):
 def new generation   total 111296K, used 109785K [0x05000000, 0x0c8c0000, 0x0faa0000)
  eden space 98944K,  99% used [0x05000000, 0x0b01c080, 0x0b0a0000)
  from space 12352K,  92% used [0x0b0a0000, 0x0bbba5b0, 0x0bcb0000)
  to   space 12352K,   0% used [0x0bcb0000, 0x0bcb0000, 0x0c8c0000)
 tenured generation   total 247184K, used 242789K [0x0faa0000, 0x1ec04000, 0x25000000)
   the space 247184K,  98% used [0x0faa0000, 0x1e7b95f8, 0x1e7b9600, 0x1ec04000)
 Metaspace       used 22313K, capacity 22854K, committed 23040K, reserved 23936K
Event: 138802.354 GC heap after
Heap after GC invocations=151 (full 5):
 def new generation   total 137472K, used 0K [0x05000000, 0x0e520000, 0x0faa0000)
  eden space 122240K,   0% used [0x05000000, 0x05000000, 0x0c760000)
  from space 15232K,   0% used [0x0c760000, 0x0c760000, 0x0d640000)
  to   space 15232K,   0% used [0x0d640000, 0x0d640000, 0x0e520000)
 tenured generation   total 305284K, used 183168K [0x0faa0000, 0x224c1000, 0x25000000)
   the space 305284K,  59% used [0x0faa0000, 0x1ad80138, 0x1ad80200, 0x224c1000)
 Metaspace       used 22311K, capacity 22852K, committed 23040K, reserved 23936K
}

